FAIL __tests__/lib/validators.test.ts
  ΓùÅ Test suite failed to run
System.Management.Automation.RemoteException
    ReferenceError: Request is not defined
System.Management.Automation.RemoteException
    [0m [90m 195 |[39m   parent_name[33m:[39m z[33m.[39mstring()[33m.[39moptional()[33m,[39m
     [90m 196 |[39m   parent_phone[33m:[39m z[33m.[39mstring()[33m.[39moptional()[33m,[39m
    [31m[1m>[22m[39m[90m 197 |[39m   address[33m:[39m z[33m.[39mstring()[33m.[39moptional()[33m,[39m
     [90m     |[39m                 [31m[1m^[22m[39m
     [90m 198 |[39m })[33m;[39m
     [90m 199 |[39m
     [90m 200 |[39m [90m// ΓöÇΓöÇΓöÇΓöÇ Leave Validators ΓöÇΓöÇΓöÇΓöÇ[39m[0m
System.Management.Automation.RemoteException
      at Object.Request (node_modules/next/src/server/web/spec-extension/request.ts:15:34)
      at Object.<anonymous> (node_modules/next/server.js:2:16)
      at Object.<anonymous> (src/lib/validators.ts:197:17)
      at Object.<anonymous> (__tests__/lib/validators.test.ts:12:21)
System.Management.Automation.RemoteException
Test Suites: 1 failed, 1 total
Tests:       0 total
Snapshots:   0 total
Time:        0.883 s
Ran all test suites matching __tests__/lib/validators.test.ts.
