FAIL __tests__/lib/quick.test.ts
  â— Test suite failed to run

    ReferenceError: Request is not defined

    [0m [90m 195 |[39m   parent_name[33m:[39m z[33m.[39mstring()[33m.[39moptional()[33m,[39m
     [90m 196 |[39m   parent_phone[33m:[39m z[33m.[39mstring()[33m.[39moptional()[33m,[39m
    [31m[1m>[22m[39m[90m 197 |[39m   address[33m:[39m z[33m.[39mstring()[33m.[39moptional()[33m,[39m
     [90m     |[39m                 [31m[1m^[22m[39m
     [90m 198 |[39m })[33m;[39m
     [90m 199 |[39m
     [90m 200 |[39m [90m// â”€â”€â”€â”€ Leave Validators â”€â”€â”€â”€[39m[0m

      at Object.Request (node_modules/next/src/server/web/spec-extension/request.ts:15:34)
      at Object.<anonymous> (node_modules/next/server.js:2:16)
      at Object.<anonymous> (src/lib/validators.ts:197:17)
      at Object.<anonymous> (__tests__/lib/quick.test.ts:6:21)

Test Suites: 1 failed, 1 total
Tests:       0 total
Snapshots:   0 total
Time:        0.905 s
Ran all test suites matching __tests__/lib/quick.test.ts.
Force exiting Jest: Have you considered using `--detectOpenHandles` to detect async operations that kept running after all tests finished?
